Connecting to database specified by database.yml
Connecting to database specified by database.yml
  [1m[36m (0.2ms)[0m  [1mselect sqlite_version(*)[0m
  [1m[35m (2.4ms)[0m  CREATE TABLE "schema_migrations" ("version" varchar(255) NOT NULL) 
  [1m[36m (0.0ms)[0m  [1mPRAGMA index_list("schema_migrations")[0m
  [1m[35m (1.4ms)[0m  CREATE UNIQUE INDEX "unique_schema_migrations" ON "schema_migrations" ("version")
  [1m[36m (0.1ms)[0m  [1mSELECT "schema_migrations"."version" FROM "schema_migrations" [0m
Migrating to CreateProducts (20120615183056)
  [1m[35m (0.0ms)[0m  begin transaction
  [1m[36m (0.1ms)[0m  [1mrollback transaction[0m
Connecting to database specified by database.yml
  [1m[36m (0.1ms)[0m  [1mSELECT "schema_migrations"."version" FROM "schema_migrations" [0m
Migrating to CreateProducts (20120615183056)
  [1m[35m (0.0ms)[0m  select sqlite_version(*)
  [1m[36m (0.0ms)[0m  [1mbegin transaction[0m
  [1m[35m (0.4ms)[0m  CREATE TABLE "products" ("id" INTEGER PRIMARY KEY AUTOINCREMENT NOT NULL, "name" varchar(255), "price" decimal, "released_at" datetime, "created_at" datetime NOT NULL, "updated_at" datetime NOT NULL) 
  [1m[36m (0.1ms)[0m  [1mINSERT INTO "schema_migrations" ("version") VALUES ('20120615183056')[0m
  [1m[35m (2.0ms)[0m  commit transaction
Migrating to CreateUsers (20120615185633)
  [1m[36m (0.0ms)[0m  [1mbegin transaction[0m
  [1m[35m (0.4ms)[0m  CREATE TABLE "users" ("id" INTEGER PRIMARY KEY AUTOINCREMENT NOT NULL, "name" varchar(255), "password_digest" varchar(255), "site_url" varchar(255), "admin" boolean, "created_at" datetime NOT NULL, "updated_at" datetime NOT NULL) 
  [1m[36m (0.2ms)[0m  [1mINSERT INTO "schema_migrations" ("version") VALUES ('20120615185633')[0m
  [1m[35m (1.1ms)[0m  commit transaction
Migrating to CreateOrders (20130326133222)
  [1m[36m (0.0ms)[0m  [1mbegin transaction[0m
  [1m[35m (0.3ms)[0m  CREATE TABLE "orders" ("id" INTEGER PRIMARY KEY AUTOINCREMENT NOT NULL, "user_id" integer, "total" decimal, "created_at" datetime NOT NULL, "updated_at" datetime NOT NULL) 
  [1m[36m (0.1ms)[0m  [1mINSERT INTO "schema_migrations" ("version") VALUES ('20130326133222')[0m
  [1m[35m (1.5ms)[0m  commit transaction
  [1m[36m (0.4ms)[0m  [1mselect sqlite_version(*)[0m
  [1m[35m (0.1ms)[0m  SELECT "schema_migrations"."version" FROM "schema_migrations" 
  [1m[36m (0.0ms)[0m  [1mPRAGMA index_list("orders")[0m
  [1m[35m (0.0ms)[0m  PRAGMA index_list("products")
  [1m[36m (0.0ms)[0m  [1mPRAGMA index_list("users")[0m
Connecting to database specified by database.yml
  [1m[36m (0.1ms)[0m  [1mSELECT "schema_migrations"."version" FROM "schema_migrations" [0m
Connecting to database specified by database.yml
  [1m[36m (0.1ms)[0m  [1mselect sqlite_version(*)[0m
  [1m[35m (1.5ms)[0m  CREATE TABLE "schema_migrations" ("version" varchar(255) NOT NULL) 
  [1m[36m (0.0ms)[0m  [1mPRAGMA index_list("schema_migrations")[0m
  [1m[35m (1.1ms)[0m  CREATE UNIQUE INDEX "unique_schema_migrations" ON "schema_migrations" ("version")
  [1m[36m (0.1ms)[0m  [1mSELECT "schema_migrations"."version" FROM "schema_migrations" [0m
Connecting to database specified by database.yml
  [1m[36m (0.1ms)[0m  [1mSELECT "schema_migrations"."version" FROM "schema_migrations" [0m
Migrating to CreateProducts (20120615183056)
  [1m[35m (0.0ms)[0m  select sqlite_version(*)
  [1m[36m (0.0ms)[0m  [1mbegin transaction[0m
  [1m[35m (0.4ms)[0m  CREATE TABLE "products" ("id" INTEGER PRIMARY KEY AUTOINCREMENT NOT NULL, "name" varchar(255), "price" decimal, "released_at" datetime, "created_at" datetime NOT NULL, "updated_at" datetime NOT NULL) 
  [1m[36m (0.1ms)[0m  [1mINSERT INTO "schema_migrations" ("version") VALUES ('20120615183056')[0m
  [1m[35m (1.8ms)[0m  commit transaction
Migrating to CreateUsers (20120615185633)
  [1m[36m (0.1ms)[0m  [1mbegin transaction[0m
  [1m[35m (0.3ms)[0m  CREATE TABLE "users" ("id" INTEGER PRIMARY KEY AUTOINCREMENT NOT NULL, "name" varchar(255), "password_digest" varchar(255), "site_url" varchar(255), "admin" boolean, "created_at" datetime NOT NULL, "updated_at" datetime NOT NULL) 
  [1m[36m (0.1ms)[0m  [1mINSERT INTO "schema_migrations" ("version") VALUES ('20120615185633')[0m
  [1m[35m (1.2ms)[0m  commit transaction
Migrating to CreateOrders (20130326133222)
  [1m[36m (0.0ms)[0m  [1mbegin transaction[0m
  [1m[35m (0.2ms)[0m  CREATE TABLE "orders" ("id" INTEGER PRIMARY KEY AUTOINCREMENT NOT NULL, "user_id" integer, "total" decimal, "created_at" datetime NOT NULL, "updated_at" datetime NOT NULL) 
  [1m[36m (0.1ms)[0m  [1mINSERT INTO "schema_migrations" ("version") VALUES ('20130326133222')[0m
  [1m[35m (0.9ms)[0m  commit transaction
  [1m[36m (0.2ms)[0m  [1mselect sqlite_version(*)[0m
  [1m[35m (0.1ms)[0m  SELECT "schema_migrations"."version" FROM "schema_migrations" 
  [1m[36m (0.0ms)[0m  [1mPRAGMA index_list("orders")[0m
  [1m[35m (0.0ms)[0m  PRAGMA index_list("products")
  [1m[36m (0.0ms)[0m  [1mPRAGMA index_list("users")[0m
Connecting to database specified by database.yml
  [1m[36m (0.1ms)[0m  [1mSELECT "schema_migrations"."version" FROM "schema_migrations" [0m
  [1m[35m (0.0ms)[0m  begin transaction
  [1m[36mSQL (17.5ms)[0m  [1mINSERT INTO "products" ("created_at", "name", "price", "released_at", "updated_at") VALUES (?, ?, ?, ?, ?)[0m  [["created_at", Tue, 26 Mar 2013 14:22:10 UTC +00:00], ["name", "Nike T90 Futsal"], ["price", #<BigDecimal:7ff9063ea830,'0.5E6',9(36)>], ["released_at", Wed, 27 Feb 2013 14:22:10 UTC +00:00], ["updated_at", Tue, 26 Mar 2013 14:22:10 UTC +00:00]]
  [1m[35m (1.8ms)[0m  commit transaction
  [1m[36m (0.1ms)[0m  [1mbegin transaction[0m
  [1m[35mSQL (0.6ms)[0m  INSERT INTO "products" ("created_at", "name", "price", "released_at", "updated_at") VALUES (?, ?, ?, ?, ?)  [["created_at", Tue, 26 Mar 2013 14:22:10 UTC +00:00], ["name", "Adidas f45 Futsal"], ["price", #<BigDecimal:7ff903a89428,'0.6E6',9(36)>], ["released_at", Mon, 25 Mar 2013 14:22:10 UTC +00:00], ["updated_at", Tue, 26 Mar 2013 14:22:10 UTC +00:00]]
  [1m[36m (1.1ms)[0m  [1mcommit transaction[0m
  [1m[35m (0.0ms)[0m  begin transaction
  [1m[36mSQL (0.4ms)[0m  [1mINSERT INTO "products" ("created_at", "name", "price", "released_at", "updated_at") VALUES (?, ?, ?, ?, ?)[0m  [["created_at", Tue, 26 Mar 2013 14:22:10 UTC +00:00], ["name", "Nike mercurial"], ["price", #<BigDecimal:7ff9048590a8,'0.7E6',9(36)>], ["released_at", Tue, 22 Jan 2013 14:22:10 UTC +00:00], ["updated_at", Tue, 26 Mar 2013 14:22:10 UTC +00:00]]
  [1m[35m (1.0ms)[0m  commit transaction
  [1m[36m (0.1ms)[0m  [1mbegin transaction[0m
  [1m[35mSQL (0.4ms)[0m  INSERT INTO "products" ("created_at", "name", "price", "released_at", "updated_at") VALUES (?, ?, ?, ?, ?)  [["created_at", Tue, 26 Mar 2013 14:22:10 UTC +00:00], ["name", "League Classico"], ["price", #<BigDecimal:7ff903a44300,'0.35E6',9(36)>], ["released_at", Sat, 19 Jan 2013 14:22:10 UTC +00:00], ["updated_at", Tue, 26 Mar 2013 14:22:10 UTC +00:00]]
  [1m[36m (1.3ms)[0m  [1mcommit transaction[0m
  [1m[35m (0.0ms)[0m  begin transaction
  [1m[36mSQL (0.3ms)[0m  [1mINSERT INTO "products" ("created_at", "name", "price", "released_at", "updated_at") VALUES (?, ?, ?, ?, ?)[0m  [["created_at", Tue, 26 Mar 2013 14:22:10 UTC +00:00], ["name", "Eagle Diego"], ["price", #<BigDecimal:7ff9044a91b0,'0.25E6',9(36)>], ["released_at", Wed, 23 Jan 2013 14:22:10 UTC +00:00], ["updated_at", Tue, 26 Mar 2013 14:22:10 UTC +00:00]]
  [1m[35m (1.0ms)[0m  commit transaction
  [1m[36m (0.0ms)[0m  [1mbegin transaction[0m
  [1m[35mSQL (0.3ms)[0m  INSERT INTO "products" ("created_at", "name", "price", "released_at", "updated_at") VALUES (?, ?, ?, ?, ?)  [["created_at", Tue, 26 Mar 2013 14:22:10 UTC +00:00], ["name", "Spotec S-10 Plus"], ["price", #<BigDecimal:7ff9044b23f0,'0.2E6',9(36)>], ["released_at", Fri, 04 Jan 2013 14:22:10 UTC +00:00], ["updated_at", Tue, 26 Mar 2013 14:22:10 UTC +00:00]]
  [1m[36m (1.3ms)[0m  [1mcommit transaction[0m
  [1m[35m (0.0ms)[0m  begin transaction
  [1m[36mSQL (0.3ms)[0m  [1mINSERT INTO "products" ("created_at", "name", "price", "released_at", "updated_at") VALUES (?, ?, ?, ?, ?)[0m  [["created_at", Tue, 26 Mar 2013 14:22:10 UTC +00:00], ["name", "Adidas F5"], ["price", #<BigDecimal:7ff9044ba690,'0.56E6',9(36)>], ["released_at", Mon, 25 Mar 2013 14:22:10 UTC +00:00], ["updated_at", Tue, 26 Mar 2013 14:22:10 UTC +00:00]]
  [1m[35m (2.0ms)[0m  commit transaction
  [1m[36m (0.0ms)[0m  [1mbegin transaction[0m
  [1m[35mSQL (0.2ms)[0m  INSERT INTO "products" ("created_at", "name", "price", "released_at", "updated_at") VALUES (?, ?, ?, ?, ?)  [["created_at", Tue, 26 Mar 2013 14:22:10 UTC +00:00], ["name", "Adidas Predito"], ["price", #<BigDecimal:7ff9044c28e0,'0.45E6',9(36)>], ["released_at", Fri, 11 Jan 2013 14:22:10 UTC +00:00], ["updated_at", Tue, 26 Mar 2013 14:22:10 UTC +00:00]]
  [1m[36m (0.9ms)[0m  [1mcommit transaction[0m
  [1m[35m (0.0ms)[0m  begin transaction
  [1m[36mSQL (0.2ms)[0m  [1mINSERT INTO "products" ("created_at", "name", "price", "released_at", "updated_at") VALUES (?, ?, ?, ?, ?)[0m  [["created_at", Tue, 26 Mar 2013 14:22:10 UTC +00:00], ["name", "Puma Tiesto"], ["price", #<BigDecimal:7ff904520d50,'0.34E6',9(36)>], ["released_at", Sun, 03 Feb 2013 14:22:10 UTC +00:00], ["updated_at", Tue, 26 Mar 2013 14:22:10 UTC +00:00]]
  [1m[35m (1.3ms)[0m  commit transaction
  [1m[36m (0.0ms)[0m  [1mbegin transaction[0m
  [1m[35mSQL (0.2ms)[0m  INSERT INTO "products" ("created_at", "name", "price", "released_at", "updated_at") VALUES (?, ?, ?, ?, ?)  [["created_at", Tue, 26 Mar 2013 14:22:10 UTC +00:00], ["name", "Umbro Diablo"], ["price", #<BigDecimal:7ff904528fa0,'0.29E6',9(36)>], ["released_at", Fri, 01 Feb 2013 14:22:10 UTC +00:00], ["updated_at", Tue, 26 Mar 2013 14:22:10 UTC +00:00]]
  [1m[36m (1.3ms)[0m  [1mcommit transaction[0m
  [1m[35m (0.0ms)[0m  begin transaction
  [1m[36mSQL (0.2ms)[0m  [1mINSERT INTO "products" ("created_at", "name", "price", "released_at", "updated_at") VALUES (?, ?, ?, ?, ?)[0m  [["created_at", Tue, 26 Mar 2013 14:22:10 UTC +00:00], ["name", "Diadora FFV"], ["price", #<BigDecimal:7ff904531240,'0.38E6',9(36)>], ["released_at", Fri, 18 Jan 2013 14:22:10 UTC +00:00], ["updated_at", Tue, 26 Mar 2013 14:22:10 UTC +00:00]]
  [1m[35m (1.4ms)[0m  commit transaction
  [1m[36m (0.0ms)[0m  [1mbegin transaction[0m
  [1m[35mSQL (0.2ms)[0m  INSERT INTO "products" ("created_at", "name", "price", "released_at", "updated_at") VALUES (?, ?, ?, ?, ?)  [["created_at", Tue, 26 Mar 2013 14:22:10 UTC +00:00], ["name", "Reebok Slash"], ["price", #<BigDecimal:7ff904539490,'0.49E6',9(36)>], ["released_at", Tue, 12 Mar 2013 14:22:10 UTC +00:00], ["updated_at", Tue, 26 Mar 2013 14:22:10 UTC +00:00]]
  [1m[36m (2.0ms)[0m  [1mcommit transaction[0m
  [1m[35m (0.1ms)[0m  begin transaction
  [1m[36mSQL (0.4ms)[0m  [1mINSERT INTO "users" ("admin", "created_at", "name", "password_digest", "site_url", "updated_at") VALUES (?, ?, ?, ?, ?, ?)[0m  [["admin", false], ["created_at", Tue, 26 Mar 2013 14:22:10 UTC +00:00], ["name", "ozan"], ["password_digest", "incognito01"], ["site_url", "http://ozansugar.com"], ["updated_at", Tue, 26 Mar 2013 14:22:10 UTC +00:00]]
  [1m[35m (1.3ms)[0m  commit transaction
  [1m[36m (0.0ms)[0m  [1mbegin transaction[0m
  [1m[35mSQL (0.2ms)[0m  INSERT INTO "users" ("admin", "created_at", "name", "password_digest", "site_url", "updated_at") VALUES (?, ?, ?, ?, ?, ?)  [["admin", true], ["created_at", Tue, 26 Mar 2013 14:22:10 UTC +00:00], ["name", "hayley"], ["password_digest", "paramore01"], ["site_url", "http://twitter.com/hayley"], ["updated_at", Tue, 26 Mar 2013 14:22:10 UTC +00:00]]
  [1m[36m (1.4ms)[0m  [1mcommit transaction[0m
Connecting to database specified by database.yml


Started GET "/" for 127.0.0.1 at 2013-03-26 21:24:52 +0700
Connecting to database specified by database.yml
Processing by ProductsController#index as HTML
  [1m[36mProduct Load (15.5ms)[0m  [1mSELECT "products".* FROM "products" ORDER BY name [0m
  Rendered products/index.html.erb within layouts/application (160.7ms)
Compiled layout.css  (63ms)  (pid 5389)
Compiled products.css  (1ms)  (pid 5389)
Compiled sessions.css  (1ms)  (pid 5389)
Compiled users.css  (1ms)  (pid 5389)
Compiled application.css  (110ms)  (pid 5389)
Compiled jquery.js  (20ms)  (pid 5389)
Compiled jquery_ujs.js  (0ms)  (pid 5389)
Compiled products.js  (1314ms)  (pid 5389)
Compiled sessions.js  (105ms)  (pid 5389)
Compiled users.js  (83ms)  (pid 5389)
Compiled application.js  (1637ms)  (pid 5389)
Completed 200 OK in 2178ms (Views: 2125.4ms | ActiveRecord: 17.7ms)


Started GET "/assets/application.css?body=1" for 127.0.0.1 at 2013-03-26 21:24:55 +0700
Served asset /application.css - 200 OK (13ms)


Started GET "/assets/layout.css?body=1" for 127.0.0.1 at 2013-03-26 21:24:55 +0700
Served asset /layout.css - 200 OK (1ms)


Started GET "/assets/sessions.css?body=1" for 127.0.0.1 at 2013-03-26 21:24:55 +0700
Served asset /sessions.css - 200 OK (1ms)


Started GET "/assets/jquery.js?body=1" for 127.0.0.1 at 2013-03-26 21:24:55 +0700
Served asset /jquery.js - 200 OK (20ms)


Started GET "/assets/users.css?body=1" for 127.0.0.1 at 2013-03-26 21:24:55 +0700
Served asset /users.css - 200 OK (1ms)


Started GET "/assets/products.css?body=1" for 127.0.0.1 at 2013-03-26 21:24:55 +0700
Served asset /products.css - 200 OK (1ms)


Started GET "/assets/jquery_ujs.js?body=1" for 127.0.0.1 at 2013-03-26 21:24:55 +0700
Served asset /jquery_ujs.js - 200 OK (2ms)


Started GET "/assets/products.js?body=1" for 127.0.0.1 at 2013-03-26 21:24:55 +0700
Served asset /products.js - 200 OK (1ms)


Started GET "/assets/sessions.js?body=1" for 127.0.0.1 at 2013-03-26 21:24:55 +0700
Served asset /sessions.js - 200 OK (0ms)


Started GET "/assets/application.js?body=1" for 127.0.0.1 at 2013-03-26 21:24:55 +0700
Served asset /application.js - 200 OK (5ms)


Started GET "/assets/users.js?body=1" for 127.0.0.1 at 2013-03-26 21:24:55 +0700
Served asset /users.js - 200 OK (1ms)
